0 info it worked if it ends with ok
1 verbose cli [ '/Users/meicai/.nvm/versions/node/v4.4.6/bin/node',
1 verbose cli   '/Users/meicai/.nvm/versions/node/v4.4.6/bin/npm',
1 verbose cli   'run',
1 verbose cli   'server' ]
2 info using npm@3.9.5
3 info using node@v4.4.6
4 verbose stack Error: missing script: server
4 verbose stack     at run (/Users/meicai/.nvm/versions/node/v4.4.6/lib/node_modules/npm/lib/run-script.js:150:19)
4 verbose stack     at /Users/meicai/.nvm/versions/node/v4.4.6/lib/node_modules/npm/lib/run-script.js:60:5
4 verbose stack     at /Users/meicai/.nvm/versions/node/v4.4.6/lib/node_modules/npm/node_modules/read-package-json/read-json.js:356:5
4 verbose stack     at checkBinReferences_ (/Users/meicai/.nvm/versions/node/v4.4.6/lib/node_modules/npm/node_modules/read-package-json/read-json.js:320:45)
4 verbose stack     at final (/Users/meicai/.nvm/versions/node/v4.4.6/lib/node_modules/npm/node_modules/read-package-json/read-json.js:354:3)
4 verbose stack     at then (/Users/meicai/.nvm/versions/node/v4.4.6/lib/node_modules/npm/node_modules/read-package-json/read-json.js:124:5)
4 verbose stack     at /Users/meicai/.nvm/versions/node/v4.4.6/lib/node_modules/npm/node_modules/read-package-json/read-json.js:243:12
4 verbose stack     at /Users/meicai/.nvm/versions/node/v4.4.6/lib/node_modules/npm/node_modules/graceful-fs/graceful-fs.js:78:16
4 verbose stack     at FSReqWrap.readFileAfterClose [as oncomplete] (fs.js:380:3)
5 verbose cwd /Users/meicai/project/tech/ourteam
6 error Darwin 16.1.0
7 error argv "/Users/meicai/.nvm/versions/node/v4.4.6/bin/node" "/Users/meicai/.nvm/versions/node/v4.4.6/bin/npm" "run" "server"
8 error node v4.4.6
9 error npm  v3.9.5
10 error missing script: server
11 error If you need help, you may report this error at:
11 error     <https://github.com/npm/npm/issues>
12 verbose exit [ 1, true ]
